Build started 2015-04-02 12:49:38.
     1>Project "C:\Users\Karol\Documents\Visual Studio 2013\Projects\RozproszoneThreads\RozproszoneThreads\RozproszoneThreads.vcxproj" on node 2 (Build target(s)).
     1>ClCompile:
         C:\Program Files (x86)\Microsoft Visual Studio 12.0\VC\bin\CL.exe /c /ZI /nologo /W3 /WX- /Od /Oy- /D WIN32 /D _DEBUG /D _CONSOLE /D _LIB /D _UNICODE /D UNICODE /Gm /EHsc /RTC1 /MDd /GS /fp:precise /Zc:wchar_t /Zc:forScope /Fo"Debug\\" /Fd"Debug\vc120.pdb" /Gd /TC /analyze- /errorReport:prompt RozproszoneThreads.c
         RozproszoneThreads.c
     1>c:\program files (x86)\microsoft visual studio 12.0\vc\include\thr\xtime(13): error C2061: syntax error : identifier 'stdext'
     1>c:\program files (x86)\microsoft visual studio 12.0\vc\include\thr\xtime(13): error C2059: syntax error : ';'
     1>c:\program files (x86)\microsoft visual studio 12.0\vc\include\thr\xtime(14): error C2449: found '{' at file scope (missing function header?)
     1>c:\program files (x86)\microsoft visual studio 12.0\vc\include\thr\xtime(21): error C2059: syntax error : '}'
     1>c:\program files (x86)\microsoft visual studio 12.0\vc\include\cstddef(18): error C2054: expected '(' to follow 'using'
     1>c:\program files (x86)\microsoft visual studio 12.0\vc\include\cstddef(18): error C2061: syntax error : identifier 'using'
     1>c:\program files (x86)\microsoft visual studio 12.0\vc\include\initializer_list(15): error C2143: syntax error : missing '{' before '<'
     1>c:\program files (x86)\microsoft visual studio 12.0\vc\include\initializer_list(15): error C2059: syntax error : '<'
     1>c:\program files (x86)\microsoft visual studio 12.0\vc\include\initializer_list(59): error C2143: syntax error : missing '{' before '<'
     1>c:\program files (x86)\microsoft visual studio 12.0\vc\include\initializer_list(59): error C2059: syntax error : '<'
     1>c:\program files (x86)\microsoft visual studio 12.0\vc\include\initializer_list(66): error C2143: syntax error : missing '{' before '<'
     1>c:\program files (x86)\microsoft visual studio 12.0\vc\include\initializer_list(66): error C2059: syntax error : '<'
     1>c:\program files (x86)\microsoft visual studio 12.0\vc\include\xtr1common(15): error C2143: syntax error : missing '{' before '<'
     1>c:\program files (x86)\microsoft visual studio 12.0\vc\include\xtr1common(15): error C2059: syntax error : '<'
     1>c:\program files (x86)\microsoft visual studio 12.0\vc\include\xtr1common(20): error C2143: syntax error : missing '{' before '<'
     1>c:\program files (x86)\microsoft visual studio 12.0\vc\include\xtr1common(20): error C2059: syntax error : '<'
     1>c:\program files (x86)\microsoft visual studio 12.0\vc\include\xtr1common(28): error C2016: C requires that a struct or union has at least one member
     1>c:\program files (x86)\microsoft visual studio 12.0\vc\include\xtr1common(29): error C2061: syntax error : identifier '_Nil_obj'
     1>c:\program files (x86)\microsoft visual studio 12.0\vc\include\xtr1common(29): error C2059: syntax error : ';'
     1>c:\program files (x86)\microsoft visual studio 12.0\vc\include\xtr1common(32): error C2143: syntax error : missing '{' before '<'
     1>c:\program files (x86)\microsoft visual studio 12.0\vc\include\xtr1common(32): error C2059: syntax error : '<'
     1>c:\program files (x86)\microsoft visual studio 12.0\vc\include\xtr1common(47): error C2143: syntax error : missing '{' before '<'
     1>c:\program files (x86)\microsoft visual studio 12.0\vc\include\xtr1common(47): error C2059: syntax error : '<'
     1>c:\program files (x86)\microsoft visual studio 12.0\vc\include\xtr1common(48): error C2143: syntax error : missing '{' before '<'
     1>c:\program files (x86)\microsoft visual studio 12.0\vc\include\xtr1common(48): error C2059: syntax error : '<'
     1>c:\program files (x86)\microsoft visual studio 12.0\vc\include\xtr1common(51): error C2143: syntax error : missing '{' before '<'
     1>c:\program files (x86)\microsoft visual studio 12.0\vc\include\xtr1common(51): error C2059: syntax error : '<'
     1>c:\program files (x86)\microsoft visual studio 12.0\vc\include\xtr1common(57): error C2143: syntax error : missing '{' before '<'
     1>c:\program files (x86)\microsoft visual studio 12.0\vc\include\xtr1common(57): error C2059: syntax error : '<'
     1>c:\program files (x86)\microsoft visual studio 12.0\vc\include\xtr1common(64): error C2143: syntax error : missing '{' before '<'
     1>c:\program files (x86)\microsoft visual studio 12.0\vc\include\xtr1common(64): error C2059: syntax error : '<'
     1>c:\program files (x86)\microsoft visual studio 12.0\vc\include\xtr1common(70): error C2143: syntax error : missing '{' before '<'
     1>c:\program files (x86)\microsoft visual studio 12.0\vc\include\xtr1common(70): error C2059: syntax error : '<'
     1>c:\program files (x86)\microsoft visual studio 12.0\vc\include\xtr1common(77): error C2143: syntax error : missing '{' before '<'
     1>c:\program files (x86)\microsoft visual studio 12.0\vc\include\xtr1common(77): error C2059: syntax error : '<'
     1>c:\program files (x86)\microsoft visual studio 12.0\vc\include\xtr1common(85): error C2143: syntax error : missing '{' before '<'
     1>c:\program files (x86)\microsoft visual studio 12.0\vc\include\xtr1common(85): error C2059: syntax error : '<'
     1>c:\program files (x86)\microsoft visual studio 12.0\vc\include\xtr1common(93): error C2143: syntax error : missing '{' before '<'
     1>c:\program files (x86)\microsoft visual studio 12.0\vc\include\xtr1common(93): error C2059: syntax error : '<'
     1>c:\program files (x86)\microsoft visual studio 12.0\vc\include\xtr1common(99): error C2143: syntax error : missing '{' before '<'
     1>c:\program files (x86)\microsoft visual studio 12.0\vc\include\xtr1common(99): error C2059: syntax error : '<'
     1>c:\program files (x86)\microsoft visual studio 12.0\vc\include\xtr1common(106): error C2143: syntax error : missing '{' before '<'
     1>c:\program files (x86)\microsoft visual studio 12.0\vc\include\xtr1common(106): error C2059: syntax error : '<'
     1>c:\program files (x86)\microsoft visual studio 12.0\vc\include\xtr1common(112): error C2143: syntax error : missing '{' before '<'
     1>c:\program files (x86)\microsoft visual studio 12.0\vc\include\xtr1common(112): error C2059: syntax error : '<'
     1>c:\program files (x86)\microsoft visual studio 12.0\vc\include\xtr1common(118): error C2143: syntax error : missing '{' before '<'
     1>c:\program files (x86)\microsoft visual studio 12.0\vc\include\xtr1common(118): error C2059: syntax error : '<'
     1>c:\program files (x86)\microsoft visual studio 12.0\vc\include\xtr1common(124): error C2143: syntax error : missing '{' before '<'
     1>c:\program files (x86)\microsoft visual studio 12.0\vc\include\xtr1common(124): error C2059: syntax error : '<'
     1>c:\program files (x86)\microsoft visual studio 12.0\vc\include\xtr1common(131): error C2143: syntax error : missing '{' before '<'
     1>c:\program files (x86)\microsoft visual studio 12.0\vc\include\xtr1common(131): error C2059: syntax error : '<'
     1>c:\program files (x86)\microsoft visual studio 12.0\vc\include\xtr1common(137): error C2143: syntax error : missing '{' before '<'
     1>c:\program files (x86)\microsoft visual studio 12.0\vc\include\xtr1common(137): error C2059: syntax error : '<'
     1>c:\program files (x86)\microsoft visual studio 12.0\vc\include\xtr1common(143): error C2143: syntax error : missing '{' before '<'
     1>c:\program files (x86)\microsoft visual studio 12.0\vc\include\xtr1common(143): error C2059: syntax error : '<'
     1>c:\program files (x86)\microsoft visual studio 12.0\vc\include\xtr1common(149): error C2143: syntax error : missing '{' before '<'
     1>c:\program files (x86)\microsoft visual studio 12.0\vc\include\xtr1common(149): error C2059: syntax error : '<'
     1>c:\program files (x86)\microsoft visual studio 12.0\vc\include\xtr1common(156): error C2143: syntax error : missing '{' before '<'
     1>c:\program files (x86)\microsoft visual studio 12.0\vc\include\xtr1common(156): error C2059: syntax error : '<'
     1>c:\program files (x86)\microsoft visual studio 12.0\vc\include\xtr1common(164): error C2143: syntax error : missing '{' before '<'
     1>c:\program files (x86)\microsoft visual studio 12.0\vc\include\xtr1common(164): error C2059: syntax error : '<'
     1>c:\program files (x86)\microsoft visual studio 12.0\vc\include\xtr1common(170): error C2143: syntax error : missing '{' before '<'
     1>c:\program files (x86)\microsoft visual studio 12.0\vc\include\xtr1common(170): error C2059: syntax error : '<'
     1>c:\program files (x86)\microsoft visual studio 12.0\vc\include\xtr1common(176): error C2143: syntax error : missing '{' before '<'
     1>c:\program files (x86)\microsoft visual studio 12.0\vc\include\xtr1common(176): error C2059: syntax error : '<'
     1>c:\program files (x86)\microsoft visual studio 12.0\vc\include\xtr1common(182): error C2143: syntax error : missing '{' before '<'
     1>c:\program files (x86)\microsoft visual studio 12.0\vc\include\xtr1common(182): error C2059: syntax error : '<'
     1>c:\program files (x86)\microsoft visual studio 12.0\vc\include\xtr1common(188): error C2143: syntax error : missing '{' before '<'
     1>c:\program files (x86)\microsoft visual studio 12.0\vc\include\xtr1common(188): error C2059: syntax error : '<'
     1>c:\program files (x86)\microsoft visual studio 12.0\vc\include\xtr1common(202): error C2143: syntax error : missing '{' before '<'
     1>c:\program files (x86)\microsoft visual studio 12.0\vc\include\xtr1common(202): error C2059: syntax error : '<'
     1>c:\program files (x86)\microsoft visual studio 12.0\vc\include\xtr1common(208): error C2143: syntax error : missing '{' before '<'
     1>c:\program files (x86)\microsoft visual studio 12.0\vc\include\xtr1common(208): error C2059: syntax error : '<'
     1>c:\program files (x86)\microsoft visual studio 12.0\vc\include\xtr1common(214): error C2143: syntax error : missing '{' before '<'
     1>c:\program files (x86)\microsoft visual studio 12.0\vc\include\xtr1common(214): error C2059: syntax error : '<'
     1>c:\program files (x86)\microsoft visual studio 12.0\vc\include\xtr1common(220): error C2143: syntax error : missing '{' before '<'
     1>c:\program files (x86)\microsoft visual studio 12.0\vc\include\xtr1common(220): error C2059: syntax error : '<'
     1>c:\program files (x86)\microsoft visual studio 12.0\vc\include\xtr1common(226): error C2143: syntax error : missing '{' before '<'
     1>c:\program files (x86)\microsoft visual studio 12.0\vc\include\xtr1common(226): error C2059: syntax error : '<'
     1>c:\program files (x86)\microsoft visual studio 12.0\vc\include\xtr1common(232): error C2143: syntax error : missing '{' before '<'
     1>c:\program files (x86)\microsoft visual studio 12.0\vc\include\xtr1common(232): error C2059: syntax error : '<'
     1>c:\program files (x86)\microsoft visual studio 12.0\vc\include\xtr1common(253): error C2143: syntax error : missing '{' before '<'
     1>c:\program files (x86)\microsoft visual studio 12.0\vc\include\xtr1common(253): error C2059: syntax error : '<'
     1>c:\program files (x86)\microsoft visual studio 12.0\vc\include\xtr1common(259): error C2143: syntax error : missing '{' before '<'
     1>c:\program files (x86)\microsoft visual studio 12.0\vc\include\xtr1common(259): error C2059: syntax error : '<'
     1>c:\program files (x86)\microsoft visual studio 12.0\vc\include\xtr1common(267): error C2143: syntax error : missing '{' before '<'
     1>c:\program files (x86)\microsoft visual studio 12.0\vc\include\xtr1common(267): error C2059: syntax error : '<'
     1>c:\program files (x86)\microsoft visual studio 12.0\vc\include\xtr1common(274): error C2143: syntax error : missing '{' before '<'
     1>c:\program files (x86)\microsoft visual studio 12.0\vc\include\xtr1common(274): error C2059: syntax error : '<'
     1>c:\program files (x86)\microsoft visual studio 12.0\vc\include\xtr1common(280): error C2143: syntax error : missing '{' before '<'
     1>c:\program files (x86)\microsoft visual studio 12.0\vc\include\xtr1common(280): error C2059: syntax error : '<'
     1>c:\program files (x86)\microsoft visual studio 12.0\vc\include\xtr1common(286): error C2143: syntax error : missing '{' before '<'
     1>c:\program files (x86)\microsoft visual studio 12.0\vc\include\xtr1common(286): error C2059: syntax error : '<'
     1>c:\program files (x86)\microsoft visual studio 12.0\vc\include\xtr1common(292): error C2143: syntax error : missing '{' before '<'
     1>c:\program files (x86)\microsoft visual studio 12.0\vc\include\xtr1common(292): error C2059: syntax error : '<'
     1>c:\program files (x86)\microsoft visual studio 12.0\vc\include\xtr1common(299): error C2143: syntax error : missing '{' before '<'
     1>c:\program files (x86)\microsoft visual studio 12.0\vc\include\xtr1common(299): error C2059: syntax error : '<'
     1>c:\program files (x86)\microsoft visual studio 12.0\vc\include\xtr1common(305): error C2143: syntax error : missing '{' before '<'
     1>c:\program files (x86)\microsoft visual studio 12.0\vc\include\xtr1common(305): error C2059: syntax error : '<'
     1>c:\program files (x86)\microsoft visual studio 12.0\vc\include\xtr1common(313): error C2143: syntax error : missing '{' before '<'
     1>c:\program files (x86)\microsoft visual studio 12.0\vc\include\xtr1common(313): error C2059: syntax error : '<'
     1>c:\program files (x86)\microsoft visual studio 12.0\vc\include\xtr1common(313): fatal error C1003: error count exceeds 100; stopping compilation
     1>Done Building Project "C:\Users\Karol\Documents\Visual Studio 2013\Projects\RozproszoneThreads\RozproszoneThreads\RozproszoneThreads.vcxproj" (Build target(s)) -- FAILED.

Build FAILED.

Time Elapsed 00:00:00.57
