Build started 2015-03-06 00:21:45.
     1>Project "c:\Users\Karol\documents\visual studio 2013\Projects\Propabilistyka\Propabilistyka\Propabilistyka.vcxproj" on node 2 (Build target(s)).
     1>ClCompile:
         C:\Program Files (x86)\Microsoft Visual Studio 12.0\VC\bin\CL.exe /c /ZI /nologo /W3 /WX- /Od /Oy- /D WIN32 /D _DEBUG /D _CONSOLE /D _LIB /D _UNICODE /D UNICODE /Gm /EHsc /RTC1 /MDd /GS /fp:precise /Zc:wchar_t /Zc:forScope /Fo"Debug\\" /Fd"Debug\vc120.pdb" /Gd /TP /analyze- /errorReport:prompt Propabilistyka.cpp
         Propabilistyka.cpp
     1>c:\users\karol\documents\visual studio 2013\projects\propabilistyka\propabilistyka\propabilistyka.cpp(24): error C3861: 'stworz_dzieci': identifier not found
     1>Done Building Project "c:\Users\Karol\documents\visual studio 2013\Projects\Propabilistyka\Propabilistyka\Propabilistyka.vcxproj" (Build target(s)) -- FAILED.

Build FAILED.

Time Elapsed 00:00:00.45
